[debug] [2026-06-19T14:29:51.288Z] ----------------------------------------------------------------------
[debug] [2026-06-19T14:29:51.292Z] Command:       C:\Program Files\node.exe C:\Users\krish\AppData\Roaming\npm\node_modules\firebase-tools\lib\bin\firebase.js projects:list
[debug] [2026-06-19T14:29:51.293Z] CLI Version:   15.13.0
[debug] [2026-06-19T14:29:51.293Z] Platform:      win32
[debug] [2026-06-19T14:29:51.293Z] Node Version:  v24.14.1
[debug] [2026-06-19T14:29:51.293Z] Time:          Fri Jun 19 2026 19:59:51 GMT+0530 (India Standard Time)
[debug] [2026-06-19T14:29:51.293Z] ----------------------------------------------------------------------
[debug] 
[debug] [2026-06-19T14:29:51.297Z] >>> [apiv2][query] GET https://firebase-public.firebaseio.com/cli.json [none]
[debug] [2026-06-19T14:29:51.375Z] > command requires scopes: ["email","openid","https://www.googleapis.com/auth/cloudplatformprojects.readonly","https://www.googleapis.com/auth/firebase","https://www.googleapis.com/auth/cloud-platform"]
[debug] [2026-06-19T14:29:51.375Z] > authorizing via signed-in user (krishnasahoo11156@gmail.com)
[debug] [2026-06-19T14:29:51.378Z] Checked if tokens are valid: false, expires at: 1776928387158
[debug] [2026-06-19T14:29:51.378Z] Checked if tokens are valid: false, expires at: 1776928387158
[debug] [2026-06-19T14:29:51.379Z] > refreshing access token with scopes: []
[debug] [2026-06-19T14:29:51.380Z] >>> [apiv2][query] POST https://www.googleapis.com/oauth2/v3/token [none]
[debug] [2026-06-19T14:29:51.380Z] >>> [apiv2][body] POST https://www.googleapis.com/oauth2/v3/token [omitted]
[debug] [2026-06-19T14:29:52.199Z] <<< [apiv2][status] GET https://firebase-public.firebaseio.com/cli.json 200
[debug] [2026-06-19T14:29:52.199Z] <<< [apiv2][body] GET https://firebase-public.firebaseio.com/cli.json {"cloudBuildErrorAfter":1594252800000,"cloudBuildWarnAfter":1590019200000,"defaultNode10After":1594252800000,"minVersion":"3.0.5","node8DeploysDisabledAfter":1613390400000,"node8RuntimeDisabledAfter":1615809600000,"node8WarnAfter":1600128000000}
[debug] [2026-06-19T14:29:54.452Z] <<< [apiv2][status] POST https://www.googleapis.com/oauth2/v3/token 200
[debug] [2026-06-19T14:29:54.452Z] <<< [apiv2][body] POST https://www.googleapis.com/oauth2/v3/token [omitted]
[debug] [2026-06-19T14:29:54.487Z] >>> [apiv2][query] GET https://firebase.googleapis.com/v1beta1/projects pageSize=1000
[debug] [2026-06-19T14:29:56.200Z] <<< [apiv2][status] GET https://firebase.googleapis.com/v1beta1/projects 200
[debug] [2026-06-19T14:29:56.200Z] <<< [apiv2][body] GET https://firebase.googleapis.com/v1beta1/projects [omitted]
[info] ┌──────────────────────┬───────────────────┬────────────────┬──────────────────────┐
│ Project Display Name │ Project ID        │ Project Number │ Resource Location ID │
├──────────────────────┼───────────────────┼────────────────┼──────────────────────┤
│ CrisisSync           │ crisissync-11156  │ 63983001833    │ [Not specified]      │
├──────────────────────┼───────────────────┼────────────────┼──────────────────────┤
│ DevDrift             │ devdrift-4a7c7    │ 959432461638   │ [Not specified]      │
├──────────────────────┼───────────────────┼────────────────┼──────────────────────┤
│ Hack2skills          │ hack2skills-11156 │ 133818866877   │ [Not specified]      │
├──────────────────────┼───────────────────┼────────────────┼──────────────────────┤
│ hiremind             │ hiremind-8de95    │ 573244766120   │ [Not specified]      │
├──────────────────────┼───────────────────┼────────────────┼──────────────────────┤
│ StudySync            │ studysync-11156   │ 913286645847   │ [Not specified]      │
└──────────────────────┴───────────────────┴────────────────┴──────────────────────┘
[info] 
[info] 5 project(s) total.
[debug] [2026-06-19T14:30:05.504Z] Error: Timed out.
    at Timeout.<anonymous> (C:\Users\krish\AppData\Roaming\npm\node_modules\firebase-tools\lib\utils.js:309:49)
    at listOnTimeout (node:internal/timers:605:17)
    at process.processTimers (node:internal/timers:541:7)
[error] 
[error] Error: An unexpected error has occurred.
[debug] [2026-06-19T14:31:20.936Z] ----------------------------------------------------------------------
[debug] [2026-06-19T14:31:20.940Z] Command:       C:\Program Files\node.exe C:\Users\krish\AppData\Roaming\npm\node_modules\firebase-tools\lib\bin\firebase.js database:instances:list --project crisissync-11156
[debug] [2026-06-19T14:31:20.940Z] CLI Version:   15.13.0
[debug] [2026-06-19T14:31:20.940Z] Platform:      win32
[debug] [2026-06-19T14:31:20.940Z] Node Version:  v24.14.1
[debug] [2026-06-19T14:31:20.940Z] Time:          Fri Jun 19 2026 20:01:20 GMT+0530 (India Standard Time)
[debug] [2026-06-19T14:31:20.940Z] ----------------------------------------------------------------------
[debug] 
[debug] [2026-06-19T14:31:56.808Z] > command requires scopes: ["email","openid","https://www.googleapis.com/auth/cloudplatformprojects.readonly","https://www.googleapis.com/auth/firebase","https://www.googleapis.com/auth/cloud-platform"]
[debug] [2026-06-19T14:31:56.808Z] > authorizing via signed-in user (krishnasahoo11156@gmail.com)
[debug] [2026-06-19T14:31:56.808Z] [iam] checking project crisissync-11156 for permissions ["firebase.projects.get","firebasedatabase.instances.list"]
[debug] [2026-06-19T14:31:56.809Z] Checked if tokens are valid: true, expires at: 1781882993452
[debug] [2026-06-19T14:31:56.809Z] Checked if tokens are valid: true, expires at: 1781882993452
[debug] [2026-06-19T14:31:56.810Z] >>> [apiv2][query] POST https://cloudresourcemanager.googleapis.com/v1/projects/crisissync-11156:testIamPermissions [none]
[debug] [2026-06-19T14:31:56.810Z] >>> [apiv2][(partial)header] POST https://cloudresourcemanager.googleapis.com/v1/projects/crisissync-11156:testIamPermissions  x-goog-user-project=crisissync-11156
[debug] [2026-06-19T14:31:56.810Z] >>> [apiv2][body] POST https://cloudresourcemanager.googleapis.com/v1/projects/crisissync-11156:testIamPermissions {"permissions":["firebase.projects.get","firebasedatabase.instances.list"]}
[debug] [2026-06-19T14:32:00.223Z] <<< [apiv2][status] POST https://cloudresourcemanager.googleapis.com/v1/projects/crisissync-11156:testIamPermissions 200
[debug] [2026-06-19T14:32:00.224Z] <<< [apiv2][body] POST https://cloudresourcemanager.googleapis.com/v1/projects/crisissync-11156:testIamPermissions {"permissions":["firebase.projects.get","firebasedatabase.instances.list"]}
[debug] [2026-06-19T14:32:00.228Z] Checked if tokens are valid: true, expires at: 1781882993452
[debug] [2026-06-19T14:32:00.228Z] Checked if tokens are valid: true, expires at: 1781882993452
[debug] [2026-06-19T14:32:00.229Z] >>> [apiv2][query] GET https://firebasedatabase.googleapis.com/v1beta/projects/crisissync-11156/locations/-/instances pageSize=100
[debug] [2026-06-19T14:32:02.918Z] <<< [apiv2][status] GET https://firebasedatabase.googleapis.com/v1beta/projects/crisissync-11156/locations/-/instances 200
[debug] [2026-06-19T14:32:02.918Z] <<< [apiv2][body] GET https://firebasedatabase.googleapis.com/v1beta/projects/crisissync-11156/locations/-/instances {"instances":[{"name":"projects/63983001833/locations/asia-southeast1/instances/crisissync-11156-default-rtdb","project":"projects/63983001833","databaseUrl":"https://crisissync-11156-default-rtdb.asia-southeast1.firebasedatabase.app","type":"DEFAULT_DATABASE","state":"ACTIVE"}]}
[info] crisissync-11156-default-rtdb
[info] Project crisissync-11156 has 1 database instances
